running egg_info
writing ../../build/photo_compare_pkg/photo_compare_pkg.egg-info/PKG-INFO
writing dependency_links to ../../build/photo_compare_pkg/photo_compare_pkg.egg-info/dependency_links.txt
writing entry points to ../../build/photo_compare_pkg/photo_compare_pkg.egg-info/entry_points.txt
writing requirements to ../../build/photo_compare_pkg/photo_compare_pkg.egg-info/requires.txt
writing top-level names to ../../build/photo_compare_pkg/photo_compare_pkg.egg-info/top_level.txt
reading manifest file '../../build/photo_compare_pkg/photo_compare_pkg.egg-info/SOURCES.txt'
writing manifest file '../../build/photo_compare_pkg/photo_compare_pkg.egg-info/SOURCES.txt'
running build
running build_py
copying photo_compare_pkg/compare_run_photos.py -> /home/choi/compare_ws/build/photo_compare_pkg/build/lib/photo_compare_pkg
running install
running install_lib
copying /home/choi/compare_ws/build/photo_compare_pkg/build/lib/photo_compare_pkg/compare_run_photos.py -> /home/choi/compare_ws/install/photo_compare_pkg/lib/python3.10/site-packages/photo_compare_pkg
byte-compiling /home/choi/compare_ws/install/photo_compare_pkg/lib/python3.10/site-packages/photo_compare_pkg/compare_run_photos.py to compare_run_photos.cpython-310.pyc
running install_data
running install_egg_info
removing '/home/choi/compare_ws/install/photo_compare_pkg/lib/python3.10/site-packages/photo_compare_pkg-0.0.0-py3.10.egg-info' (and everything under it)
Copying ../../build/photo_compare_pkg/photo_compare_pkg.egg-info to /home/choi/compare_ws/install/photo_compare_pkg/lib/python3.10/site-packages/photo_compare_pkg-0.0.0-py3.10.egg-info
running install_scripts
Installing compare_photos script to /home/choi/compare_ws/install/photo_compare_pkg/lib/photo_compare_pkg
writing list of installed files to '/home/choi/compare_ws/build/photo_compare_pkg/install.log'
